<?xml version="1.0" encoding="UTF-8"?>
<testng-results skipped="0" failed="0" ignored="0" total="2" passed="2">
  <reporter-output>
    <line>
      <![CDATA[Expected Page actiTIME - Login is Displayed]]>
    </line>
    <line>
      <![CDATA[Expected Page actiTIME - Enter Time-Track is Displayed]]>
    </line>
    <line>
      <![CDATA[Expected Page actiTIME - Login is Displayed]]>
    </line>
    <line>
      <![CDATA[Expected Page actiTIME - Enter Time-Track is Displayed]]>
    </line>
  </reporter-output>
  <suite name="Suite" duration-ms="53683" started-at="2018-03-16T15:15:05Z" finished-at="2018-03-16T15:15:59Z">
    <groups>
    </groups>
    <test name="ChromeTest" duration-ms="19120" started-at="2018-03-16T15:15:05Z" finished-at="2018-03-16T15:15:24Z">
      <class name="script.ValidLogin">
        <test-method status="PASS" signature="openApplication(java.lang.String)[pri:0, instance:script.ValidLogin@1794d431]" name="openApplication" is-config="true" duration-ms="11470" started-at="2018-03-16T15:15:05Z" finished-at="2018-03-16T15:15:16Z">
          <params>
            <param index="0">
              <value>
                <![CDATA[chrome]]>
              </value>
            </param>
          </params>
          <reporter-output>
          </reporter-output>
        </test-method> <!-- openApplication -->
        <test-method status="PASS" signature="testValidLogin()[pri:0, instance:script.ValidLogin@1794d431]" name="testValidLogin" duration-ms="4319" started-at="2018-03-16T15:15:16Z" finished-at="2018-03-16T15:15:21Z">
          <reporter-output>
            <line>
              <![CDATA[Expected Page actiTIME - Login is Displayed]]>
            </line>
            <line>
              <![CDATA[Expected Page actiTIME - Enter Time-Track is Displayed]]>
            </line>
          </reporter-output>
        </test-method> <!-- testValidLogin -->
        <test-method status="PASS" signature="closeApplication(org.testng.ITestResult)[pri:0, instance:script.ValidLogin@1794d431]" name="closeApplication" is-config="true" duration-ms="3278" started-at="2018-03-16T15:15:21Z" finished-at="2018-03-16T15:15:24Z">
          <params>
            <param index="0">
              <value>
                <![CDATA[[TestResult name=testValidLogin status=SUCCESS method=ValidLogin.testValidLogin()[pri:0, instance:script.ValidLogin@1794d431] output=Expected Page actiTIME - Login is Displayed]]]>
              </value>
            </param>
          </params>
          <reporter-output>
          </reporter-output>
        </test-method> <!-- closeApplication -->
      </class> <!-- script.ValidLogin -->
    </test> <!-- ChromeTest -->
    <test name="FireFoxTest" duration-ms="53683" started-at="2018-03-16T15:15:05Z" finished-at="2018-03-16T15:15:59Z">
      <class name="script.ValidLogin">
        <test-method status="PASS" signature="openApplication(java.lang.String)[pri:0, instance:script.ValidLogin@1ce92674]" name="openApplication" is-config="true" duration-ms="48059" started-at="2018-03-16T15:15:05Z" finished-at="2018-03-16T15:15:53Z">
          <params>
            <param index="0">
              <value>
                <![CDATA[firefox]]>
              </value>
            </param>
          </params>
          <reporter-output>
          </reporter-output>
        </test-method> <!-- openApplication -->
        <test-method status="PASS" signature="testValidLogin()[pri:0, instance:script.ValidLogin@1ce92674]" name="testValidLogin" duration-ms="5076" started-at="2018-03-16T15:15:53Z" finished-at="2018-03-16T15:15:58Z">
          <reporter-output>
            <line>
              <![CDATA[Expected Page actiTIME - Login is Displayed]]>
            </line>
            <line>
              <![CDATA[Expected Page actiTIME - Enter Time-Track is Displayed]]>
            </line>
          </reporter-output>
        </test-method> <!-- testValidLogin -->
        <test-method status="PASS" signature="closeApplication(org.testng.ITestResult)[pri:0, instance:script.ValidLogin@1ce92674]" name="closeApplication" is-config="true" duration-ms="495" started-at="2018-03-16T15:15:58Z" finished-at="2018-03-16T15:15:59Z">
          <params>
            <param index="0">
              <value>
                <![CDATA[[TestResult name=testValidLogin status=SUCCESS method=ValidLogin.testValidLogin()[pri:0, instance:script.ValidLogin@1ce92674] output=Expected Page actiTIME - Login is Displayed]]]>
              </value>
            </param>
          </params>
          <reporter-output>
          </reporter-output>
        </test-method> <!-- closeApplication -->
      </class> <!-- script.ValidLogin -->
    </test> <!-- FireFoxTest -->
  </suite> <!-- Suite -->
</testng-results>
